2016-04-20 22:23:31.891  INFO 20515 --- [main] c.g.t.restmqttbridge.Application         : Starting Application on Thomass-MacBook-Air-2.local with PID 20515 (/Users/Thomas/dev/github/RestMqttBridge/bin started by Thomas in /Users/Thomas/dev/github/RestMqttBridge)
2016-04-20 22:23:31.899  INFO 20515 --- [main] c.g.t.restmqttbridge.Application         : No active profile set, falling back to default profiles: default
2016-04-20 22:23:32.140  INFO 20515 --- [main] ationConfigEmbeddedWebApplicationContext : Refreshing org.springframework.boot.context.embedded.AnnotationConfigEmbeddedWebApplicationContext@dbd940d: startup date [Wed Apr 20 22:23:32 CEST 2016]; root of context hierarchy
2016-04-20 22:23:33.633  INFO 20515 --- [main] o.s.b.f.s.DefaultListableBeanFactory     : Overriding bean definition for bean 'beanNameViewResolver' with a different definition: replacing [Root bean: class [null]; scope=; abstract=false; lazyInit=false; autowireMode=3; dependencyCheck=0; autowireCandidate=true; primary=false; factoryBeanName=org.springframework.boot.autoconfigure.web.ErrorMvcAutoConfiguration$WhitelabelErrorViewConfiguration; factoryMethodName=beanNameViewResolver; initMethodName=null; destroyMethodName=(inferred); defined in class path resource [org/springframework/boot/autoconfigure/web/ErrorMvcAutoConfiguration$WhitelabelErrorViewConfiguration.class]] with [Root bean: class [null]; scope=; abstract=false; lazyInit=false; autowireMode=3; dependencyCheck=0; autowireCandidate=true; primary=false; factoryBeanName=org.springframework.boot.autoconfigure.web.WebMvcAutoConfiguration$WebMvcAutoConfigurationAdapter; factoryMethodName=beanNameViewResolver; initMethodName=null; destroyMethodName=(inferred); defined in class path resource [org/springframework/boot/autoconfigure/web/WebMvcAutoConfiguration$WebMvcAutoConfigurationAdapter.class]]
2016-04-20 22:23:35.234  INFO 20515 --- [main] s.b.c.e.t.TomcatEmbeddedServletContainer : Tomcat initialized with port(s): 8080 (http)
2016-04-20 22:23:35.270  INFO 20515 --- [main] o.apache.catalina.core.StandardService   : Starting service Tomcat
2016-04-20 22:23:35.275  INFO 20515 --- [main] org.apache.catalina.core.StandardEngine  : Starting Servlet Engine: Apache Tomcat/8.0.32
2016-04-20 22:23:35.496  INFO 20515 --- [localhost-startStop-1] o.a.c.c.C.[Tomcat].[localhost].[/]       : Initializing Spring embedded WebApplicationContext
2016-04-20 22:23:35.496  INFO 20515 --- [localhost-startStop-1] o.s.web.context.ContextLoader            : Root WebApplicationContext: initialization completed in 3368 ms
2016-04-20 22:23:36.224  INFO 20515 --- [localhost-startStop-1] o.s.b.c.e.ServletRegistrationBean        : Mapping servlet: 'dispatcherServlet' to [/]
2016-04-20 22:23:36.232  INFO 20515 --- [localhost-startStop-1] o.s.b.c.embedded.FilterRegistrationBean  : Mapping filter: 'metricFilter' to: [/*]
2016-04-20 22:23:36.233  INFO 20515 --- [localhost-startStop-1] o.s.b.c.embedded.FilterRegistrationBean  : Mapping filter: 'characterEncodingFilter' to: [/*]
2016-04-20 22:23:36.233  INFO 20515 --- [localhost-startStop-1] o.s.b.c.embedded.FilterRegistrationBean  : Mapping filter: 'hiddenHttpMethodFilter' to: [/*]
2016-04-20 22:23:36.233  INFO 20515 --- [localhost-startStop-1] o.s.b.c.embedded.FilterRegistrationBean  : Mapping filter: 'httpPutFormContentFilter' to: [/*]
2016-04-20 22:23:36.234  INFO 20515 --- [localhost-startStop-1] o.s.b.c.embedded.FilterRegistrationBean  : Mapping filter: 'requestContextFilter' to: [/*]
2016-04-20 22:23:36.234  INFO 20515 --- [localhost-startStop-1] o.s.b.c.embedded.FilterRegistrationBean  : Mapping filter: 'webRequestLoggingFilter' to: [/*]
2016-04-20 22:23:36.234  INFO 20515 --- [localhost-startStop-1] o.s.b.c.embedded.FilterRegistrationBean  : Mapping filter: 'applicationContextIdFilter' to: [/*]
2016-04-20 22:23:36.732  INFO 20515 --- [main] s.w.s.m.m.a.RequestMappingHandlerAdapter : Looking for @ControllerAdvice: org.springframework.boot.context.embedded.AnnotationConfigEmbeddedWebApplicationContext@dbd940d: startup date [Wed Apr 20 22:23:32 CEST 2016]; root of context hierarchy
2016-04-20 22:23:36.890  INFO 20515 --- [main] s.w.s.m.m.a.RequestMappingHandlerMapping : Mapped "{[/mqtt/send],methods=[PUT]}" onto public void com.github.thomasfischl.restmqttbridge.QuickbuildController.update(java.lang.String,java.lang.String)
2016-04-20 22:23:36.892  INFO 20515 --- [main] s.w.s.m.m.a.RequestMappingHandlerMapping : Mapped "{[/mqtt/try],methods=[PUT]}" onto public java.lang.String com.github.thomasfischl.restmqttbridge.QuickbuildController.trySend()
2016-04-20 22:23:36.896  INFO 20515 --- [main] s.w.s.m.m.a.RequestMappingHandlerMapping : Mapped "{[/error]}" onto public org.springframework.http.ResponseEntity<java.util.Map<java.lang.String, java.lang.Object>> org.springframework.boot.autoconfigure.web.BasicErrorController.error(javax.servlet.http.HttpServletRequest)
2016-04-20 22:23:36.896  INFO 20515 --- [main] s.w.s.m.m.a.RequestMappingHandlerMapping : Mapped "{[/error],produces=[text/html]}" onto public org.springframework.web.servlet.ModelAndView org.springframework.boot.autoconfigure.web.BasicErrorController.errorHtml(javax.servlet.http.HttpServletRequest,javax.servlet.http.HttpServletResponse)
2016-04-20 22:23:36.948  INFO 20515 --- [main] o.s.w.s.handler.SimpleUrlHandlerMapping  : Mapped URL path [/webjars/**] onto handler of type [class org.springframework.web.servlet.resource.ResourceHttpRequestHandler]
2016-04-20 22:23:36.948  INFO 20515 --- [main] o.s.w.s.handler.SimpleUrlHandlerMapping  : Mapped URL path [/**] onto handler of type [class org.springframework.web.servlet.resource.ResourceHttpRequestHandler]
2016-04-20 22:23:37.019  INFO 20515 --- [main] o.s.w.s.handler.SimpleUrlHandlerMapping  : Mapped URL path [/**/favicon.ico] onto handler of type [class org.springframework.web.servlet.resource.ResourceHttpRequestHandler]
2016-04-20 22:23:37.650  INFO 20515 --- [main] o.s.b.a.e.mvc.EndpointHandlerMapping     : Mapped "{[/logfile || /logfile.json],methods=[GET || HEAD]}" onto public void org.springframework.boot.actuate.endpoint.mvc.LogFileMvcEndpoint.invoke(javax.servlet.http.HttpServletRequest,javax.servlet.http.HttpServletResponse) throws javax.servlet.ServletException,java.io.IOException
2016-04-20 22:23:37.652  INFO 20515 --- [main] o.s.b.a.e.mvc.EndpointHandlerMapping     : Mapped "{[/env/{name:.*}],methods=[GET],produces=[application/json]}" onto public java.lang.Object org.springframework.boot.actuate.endpoint.mvc.EnvironmentMvcEndpoint.value(java.lang.String)
2016-04-20 22:23:37.653  INFO 20515 --- [main] o.s.b.a.e.mvc.EndpointHandlerMapping     : Mapped "{[/env || /env.json],methods=[GET],produces=[application/json]}" onto public java.lang.Object org.springframework.boot.actuate.endpoint.mvc.EndpointMvcAdapter.invoke()
2016-04-20 22:23:37.654  INFO 20515 --- [main] o.s.b.a.e.mvc.EndpointHandlerMapping     : Mapped "{[/beans || /beans.json],methods=[GET],produces=[application/json]}" onto public java.lang.Object org.springframework.boot.actuate.endpoint.mvc.EndpointMvcAdapter.invoke()
2016-04-20 22:23:37.657  INFO 20515 --- [main] o.s.b.a.e.mvc.EndpointHandlerMapping     : Mapped "{[/trace || /trace.json],methods=[GET],produces=[application/json]}" onto public java.lang.Object org.springframework.boot.actuate.endpoint.mvc.EndpointMvcAdapter.invoke()
2016-04-20 22:23:37.659  INFO 20515 --- [main] o.s.b.a.e.mvc.EndpointHandlerMapping     : Mapped "{[/mappings || /mappings.json],methods=[GET],produces=[application/json]}" onto public java.lang.Object org.springframework.boot.actuate.endpoint.mvc.EndpointMvcAdapter.invoke()
2016-04-20 22:23:37.660  INFO 20515 --- [main] o.s.b.a.e.mvc.EndpointHandlerMapping     : Mapped "{[/info || /info.json],methods=[GET],produces=[application/json]}" onto public java.lang.Object org.springframework.boot.actuate.endpoint.mvc.EndpointMvcAdapter.invoke()
2016-04-20 22:23:37.661  INFO 20515 --- [main] o.s.b.a.e.mvc.EndpointHandlerMapping     : Mapped "{[/metrics/{name:.*}],methods=[GET],produces=[application/json]}" onto public java.lang.Object org.springframework.boot.actuate.endpoint.mvc.MetricsMvcEndpoint.value(java.lang.String)
2016-04-20 22:23:37.662  INFO 20515 --- [main] o.s.b.a.e.mvc.EndpointHandlerMapping     : Mapped "{[/metrics || /metrics.json],methods=[GET],produces=[application/json]}" onto public java.lang.Object org.springframework.boot.actuate.endpoint.mvc.EndpointMvcAdapter.invoke()
2016-04-20 22:23:37.663  INFO 20515 --- [main] o.s.b.a.e.mvc.EndpointHandlerMapping     : Mapped "{[/dump || /dump.json],methods=[GET],produces=[application/json]}" onto public java.lang.Object org.springframework.boot.actuate.endpoint.mvc.EndpointMvcAdapter.invoke()
2016-04-20 22:23:37.664  INFO 20515 --- [main] o.s.b.a.e.mvc.EndpointHandlerMapping     : Mapped "{[/autoconfig || /autoconfig.json],methods=[GET],produces=[application/json]}" onto public java.lang.Object org.springframework.boot.actuate.endpoint.mvc.EndpointMvcAdapter.invoke()
2016-04-20 22:23:37.665  INFO 20515 --- [main] o.s.b.a.e.mvc.EndpointHandlerMapping     : Mapped "{[/configprops || /configprops.json],methods=[GET],produces=[application/json]}" onto public java.lang.Object org.springframework.boot.actuate.endpoint.mvc.EndpointMvcAdapter.invoke()
2016-04-20 22:23:37.667  INFO 20515 --- [main] o.s.b.a.e.mvc.EndpointHandlerMapping     : Mapped "{[/health || /health.json],produces=[application/json]}" onto public java.lang.Object org.springframework.boot.actuate.endpoint.mvc.HealthMvcEndpoint.invoke(java.security.Principal)
2016-04-20 22:23:37.950  INFO 20515 --- [main] o.s.j.e.a.AnnotationMBeanExporter        : Registering beans for JMX exposure on startup
2016-04-20 22:23:37.981  INFO 20515 --- [main] o.s.c.support.DefaultLifecycleProcessor  : Starting beans in phase 0
2016-04-20 22:23:38.294  INFO 20515 --- [main] s.b.c.e.t.TomcatEmbeddedServletContainer : Tomcat started on port(s): 8080 (http)
2016-04-20 22:23:38.304  INFO 20515 --- [main] c.g.t.restmqttbridge.Application         : Started Application in 7.252 seconds (JVM running for 8.006)
2016-04-20 22:23:56.727  INFO 20515 --- [http-nio-8080-exec-1] o.a.c.c.C.[Tomcat].[localhost].[/]       : Initializing Spring FrameworkServlet 'dispatcherServlet'
2016-04-20 22:23:56.728  INFO 20515 --- [http-nio-8080-exec-1] o.s.web.servlet.DispatcherServlet        : FrameworkServlet 'dispatcherServlet': initialization started
2016-04-20 22:23:56.755  INFO 20515 --- [http-nio-8080-exec-1] o.s.web.servlet.DispatcherServlet        : FrameworkServlet 'dispatcherServlet': initialization completed in 27 ms
2016-04-20 22:23:56.827  WARN 20515 --- [http-nio-8080-exec-1] o.s.web.servlet.PageNotFound             : Request method 'GET' not supported
2016-04-20 22:24:18.744  INFO 20515 --- [Thread-2] ationConfigEmbeddedWebApplicationContext : Closing org.springframework.boot.context.embedded.AnnotationConfigEmbeddedWebApplicationContext@dbd940d: startup date [Wed Apr 20 22:23:32 CEST 2016]; root of context hierarchy
2016-04-20 22:24:18.748  INFO 20515 --- [Thread-2] o.s.c.support.DefaultLifecycleProcessor  : Stopping beans in phase 0
2016-04-20 22:24:18.755  INFO 20515 --- [Thread-2] o.s.j.e.a.AnnotationMBeanExporter        : Unregistering JMX-exposed beans on shutdown
2016-04-20 22:24:24.215  INFO 20560 --- [main] c.g.t.restmqttbridge.Application         : Starting Application on Thomass-MacBook-Air-2.local with PID 20560 (/Users/Thomas/dev/github/RestMqttBridge/bin started by Thomas in /Users/Thomas/dev/github/RestMqttBridge)
2016-04-20 22:24:24.229  INFO 20560 --- [main] c.g.t.restmqttbridge.Application         : No active profile set, falling back to default profiles: default
2016-04-20 22:24:24.368  INFO 20560 --- [main] ationConfigEmbeddedWebApplicationContext : Refreshing org.springframework.boot.context.embedded.AnnotationConfigEmbeddedWebApplicationContext@dd0c991: startup date [Wed Apr 20 22:24:24 CEST 2016]; root of context hierarchy
2016-04-20 22:24:26.206  INFO 20560 --- [main] o.s.b.f.s.DefaultListableBeanFactory     : Overriding bean definition for bean 'beanNameViewResolver' with a different definition: replacing [Root bean: class [null]; scope=; abstract=false; lazyInit=false; autowireMode=3; dependencyCheck=0; autowireCandidate=true; primary=false; factoryBeanName=org.springframework.boot.autoconfigure.web.ErrorMvcAutoConfiguration$WhitelabelErrorViewConfiguration; factoryMethodName=beanNameViewResolver; initMethodName=null; destroyMethodName=(inferred); defined in class path resource [org/springframework/boot/autoconfigure/web/ErrorMvcAutoConfiguration$WhitelabelErrorViewConfiguration.class]] with [Root bean: class [null]; scope=; abstract=false; lazyInit=false; autowireMode=3; dependencyCheck=0; autowireCandidate=true; primary=false; factoryBeanName=org.springframework.boot.autoconfigure.web.WebMvcAutoConfiguration$WebMvcAutoConfigurationAdapter; factoryMethodName=beanNameViewResolver; initMethodName=null; destroyMethodName=(inferred); defined in class path resource [org/springframework/boot/autoconfigure/web/WebMvcAutoConfiguration$WebMvcAutoConfigurationAdapter.class]]
2016-04-20 22:24:28.260  INFO 20560 --- [main] s.b.c.e.t.TomcatEmbeddedServletContainer : Tomcat initialized with port(s): 8080 (http)
2016-04-20 22:24:28.288  INFO 20560 --- [main] o.apache.catalina.core.StandardService   : Starting service Tomcat
2016-04-20 22:24:28.290  INFO 20560 --- [main] org.apache.catalina.core.StandardEngine  : Starting Servlet Engine: Apache Tomcat/8.0.32
2016-04-20 22:24:28.491  INFO 20560 --- [localhost-startStop-1] o.a.c.c.C.[Tomcat].[localhost].[/]       : Initializing Spring embedded WebApplicationContext
2016-04-20 22:24:28.492  INFO 20560 --- [localhost-startStop-1] o.s.web.context.ContextLoader            : Root WebApplicationContext: initialization completed in 4150 ms
2016-04-20 22:24:29.315  INFO 20560 --- [localhost-startStop-1] o.s.b.c.e.ServletRegistrationBean        : Mapping servlet: 'dispatcherServlet' to [/]
2016-04-20 22:24:29.323  INFO 20560 --- [localhost-startStop-1] o.s.b.c.embedded.FilterRegistrationBean  : Mapping filter: 'metricFilter' to: [/*]
2016-04-20 22:24:29.324  INFO 20560 --- [localhost-startStop-1] o.s.b.c.embedded.FilterRegistrationBean  : Mapping filter: 'characterEncodingFilter' to: [/*]
2016-04-20 22:24:29.324  INFO 20560 --- [localhost-startStop-1] o.s.b.c.embedded.FilterRegistrationBean  : Mapping filter: 'hiddenHttpMethodFilter' to: [/*]
2016-04-20 22:24:29.324  INFO 20560 --- [localhost-startStop-1] o.s.b.c.embedded.FilterRegistrationBean  : Mapping filter: 'httpPutFormContentFilter' to: [/*]
2016-04-20 22:24:29.325  INFO 20560 --- [localhost-startStop-1] o.s.b.c.embedded.FilterRegistrationBean  : Mapping filter: 'requestContextFilter' to: [/*]
2016-04-20 22:24:29.325  INFO 20560 --- [localhost-startStop-1] o.s.b.c.embedded.FilterRegistrationBean  : Mapping filter: 'webRequestLoggingFilter' to: [/*]
2016-04-20 22:24:29.325  INFO 20560 --- [localhost-startStop-1] o.s.b.c.embedded.FilterRegistrationBean  : Mapping filter: 'applicationContextIdFilter' to: [/*]
2016-04-20 22:24:29.519  INFO 20560 --- [localhost-startStop-1] o.a.c.util.SessionIdGeneratorBase        : Creation of SecureRandom instance for session ID generation using [SHA1PRNG] took [121] milliseconds.
2016-04-20 22:24:30.290  INFO 20560 --- [main] s.w.s.m.m.a.RequestMappingHandlerAdapter : Looking for @ControllerAdvice: org.springframework.boot.context.embedded.AnnotationConfigEmbeddedWebApplicationContext@dd0c991: startup date [Wed Apr 20 22:24:24 CEST 2016]; root of context hierarchy
2016-04-20 22:24:30.458  INFO 20560 --- [main] s.w.s.m.m.a.RequestMappingHandlerMapping : Mapped "{[/mqtt/send],methods=[PUT]}" onto public void com.github.thomasfischl.restmqttbridge.QuickbuildController.update(java.lang.String,java.lang.String)
2016-04-20 22:24:30.460  INFO 20560 --- [main] s.w.s.m.m.a.RequestMappingHandlerMapping : Mapped "{[/mqtt/try]}" onto public java.lang.String com.github.thomasfischl.restmqttbridge.QuickbuildController.trySend()
2016-04-20 22:24:30.467  INFO 20560 --- [main] s.w.s.m.m.a.RequestMappingHandlerMapping : Mapped "{[/error]}" onto public org.springframework.http.ResponseEntity<java.util.Map<java.lang.String, java.lang.Object>> org.springframework.boot.autoconfigure.web.BasicErrorController.error(javax.servlet.http.HttpServletRequest)
2016-04-20 22:24:30.469  INFO 20560 --- [main] s.w.s.m.m.a.RequestMappingHandlerMapping : Mapped "{[/error],produces=[text/html]}" onto public org.springframework.web.servlet.ModelAndView org.springframework.boot.autoconfigure.web.BasicErrorController.errorHtml(javax.servlet.http.HttpServletRequest,javax.servlet.http.HttpServletResponse)
2016-04-20 22:24:30.569  INFO 20560 --- [main] o.s.w.s.handler.SimpleUrlHandlerMapping  : Mapped URL path [/webjars/**] onto handler of type [class org.springframework.web.servlet.resource.ResourceHttpRequestHandler]
2016-04-20 22:24:30.570  INFO 20560 --- [main] o.s.w.s.handler.SimpleUrlHandlerMapping  : Mapped URL path [/**] onto handler of type [class org.springframework.web.servlet.resource.ResourceHttpRequestHandler]
2016-04-20 22:24:30.669  INFO 20560 --- [main] o.s.w.s.handler.SimpleUrlHandlerMapping  : Mapped URL path [/**/favicon.ico] onto handler of type [class org.springframework.web.servlet.resource.ResourceHttpRequestHandler]
2016-04-20 22:24:31.728  INFO 20560 --- [main] o.s.b.a.e.mvc.EndpointHandlerMapping     : Mapped "{[/configprops || /configprops.json],methods=[GET],produces=[application/json]}" onto public java.lang.Object org.springframework.boot.actuate.endpoint.mvc.EndpointMvcAdapter.invoke()
2016-04-20 22:24:31.736  INFO 20560 --- [main] o.s.b.a.e.mvc.EndpointHandlerMapping     : Mapped "{[/beans || /beans.json],methods=[GET],produces=[application/json]}" onto public java.lang.Object org.springframework.boot.actuate.endpoint.mvc.EndpointMvcAdapter.invoke()
2016-04-20 22:24:31.738  INFO 20560 --- [main] o.s.b.a.e.mvc.EndpointHandlerMapping     : Mapped "{[/logfile || /logfile.json],methods=[GET || HEAD]}" onto public void org.springframework.boot.actuate.endpoint.mvc.LogFileMvcEndpoint.invoke(javax.servlet.http.HttpServletRequest,javax.servlet.http.HttpServletResponse) throws javax.servlet.ServletException,java.io.IOException
2016-04-20 22:24:31.742  INFO 20560 --- [main] o.s.b.a.e.mvc.EndpointHandlerMapping     : Mapped "{[/trace || /trace.json],methods=[GET],produces=[application/json]}" onto public java.lang.Object org.springframework.boot.actuate.endpoint.mvc.EndpointMvcAdapter.invoke()
2016-04-20 22:24:31.752  INFO 20560 --- [main] o.s.b.a.e.mvc.EndpointHandlerMapping     : Mapped "{[/env/{name:.*}],methods=[GET],produces=[application/json]}" onto public java.lang.Object org.springframework.boot.actuate.endpoint.mvc.EnvironmentMvcEndpoint.value(java.lang.String)
2016-04-20 22:24:31.753  INFO 20560 --- [main] o.s.b.a.e.mvc.EndpointHandlerMapping     : Mapped "{[/env || /env.json],methods=[GET],produces=[application/json]}" onto public java.lang.Object org.springframework.boot.actuate.endpoint.mvc.EndpointMvcAdapter.invoke()
2016-04-20 22:24:31.756  INFO 20560 --- [main] o.s.b.a.e.mvc.EndpointHandlerMapping     : Mapped "{[/info || /info.json],methods=[GET],produces=[application/json]}" onto public java.lang.Object org.springframework.boot.actuate.endpoint.mvc.EndpointMvcAdapter.invoke()
2016-04-20 22:24:31.759  INFO 20560 --- [main] o.s.b.a.e.mvc.EndpointHandlerMapping     : Mapped "{[/autoconfig || /autoconfig.json],methods=[GET],produces=[application/json]}" onto public java.lang.Object org.springframework.boot.actuate.endpoint.mvc.EndpointMvcAdapter.invoke()
2016-04-20 22:24:31.769  INFO 20560 --- [main] o.s.b.a.e.mvc.EndpointHandlerMapping     : Mapped "{[/health || /health.json],produces=[application/json]}" onto public java.lang.Object org.springframework.boot.actuate.endpoint.mvc.HealthMvcEndpoint.invoke(java.security.Principal)
2016-04-20 22:24:31.772  INFO 20560 --- [main] o.s.b.a.e.mvc.EndpointHandlerMapping     : Mapped "{[/mappings || /mappings.json],methods=[GET],produces=[application/json]}" onto public java.lang.Object org.springframework.boot.actuate.endpoint.mvc.EndpointMvcAdapter.invoke()
2016-04-20 22:24:31.774  INFO 20560 --- [main] o.s.b.a.e.mvc.EndpointHandlerMapping     : Mapped "{[/dump || /dump.json],methods=[GET],produces=[application/json]}" onto public java.lang.Object org.springframework.boot.actuate.endpoint.mvc.EndpointMvcAdapter.invoke()
2016-04-20 22:24:31.776  INFO 20560 --- [main] o.s.b.a.e.mvc.EndpointHandlerMapping     : Mapped "{[/metrics/{name:.*}],methods=[GET],produces=[application/json]}" onto public java.lang.Object org.springframework.boot.actuate.endpoint.mvc.MetricsMvcEndpoint.value(java.lang.String)
2016-04-20 22:24:31.777  INFO 20560 --- [main] o.s.b.a.e.mvc.EndpointHandlerMapping     : Mapped "{[/metrics || /metrics.json],methods=[GET],produces=[application/json]}" onto public java.lang.Object org.springframework.boot.actuate.endpoint.mvc.EndpointMvcAdapter.invoke()
2016-04-20 22:24:32.455  INFO 20560 --- [main] o.s.j.e.a.AnnotationMBeanExporter        : Registering beans for JMX exposure on startup
2016-04-20 22:24:32.472  INFO 20560 --- [main] o.s.c.support.DefaultLifecycleProcessor  : Starting beans in phase 0
2016-04-20 22:24:32.736  INFO 20560 --- [main] s.b.c.e.t.TomcatEmbeddedServletContainer : Tomcat started on port(s): 8080 (http)
2016-04-20 22:24:32.745  INFO 20560 --- [main] c.g.t.restmqttbridge.Application         : Started Application in 9.349 seconds (JVM running for 10.471)
2016-04-20 22:24:33.449  INFO 20560 --- [http-nio-8080-exec-1] o.a.c.c.C.[Tomcat].[localhost].[/]       : Initializing Spring FrameworkServlet 'dispatcherServlet'
2016-04-20 22:24:33.449  INFO 20560 --- [http-nio-8080-exec-1] o.s.web.servlet.DispatcherServlet        : FrameworkServlet 'dispatcherServlet': initialization started
2016-04-20 22:24:33.479  INFO 20560 --- [http-nio-8080-exec-1] o.s.web.servlet.DispatcherServlet        : FrameworkServlet 'dispatcherServlet': initialization completed in 29 ms
2016-04-20 22:24:33.657 ERROR 20560 --- [http-nio-8080-exec-1] c.g.t.r.QuickbuildController             : An error occurs during sending mqtt message.

org.eclipse.paho.client.mqttv3.MqttException: Unable to connect to server
	at org.eclipse.paho.client.mqttv3.internal.TCPNetworkModule.start(TCPNetworkModule.java:79) ~[org.eclipse.paho.client.mqttv3-1.0.2.jar:na]
	at org.eclipse.paho.client.mqttv3.internal.ClientComms$ConnectBG.run(ClientComms.java:590) ~[org.eclipse.paho.client.mqttv3-1.0.2.jar:na]
	at java.lang.Thread.run(Thread.java:745) ~[na:1.8.0_20]
Caused by: java.net.ConnectException: Connection refused
	at java.net.PlainSocketImpl.socketConnect(Native Method) ~[na:1.8.0_20]
	at java.net.AbstractPlainSocketImpl.doConnect(AbstractPlainSocketImpl.java:345) ~[na:1.8.0_20]
	at java.net.AbstractPlainSocketImpl.connectToAddress(AbstractPlainSocketImpl.java:206) ~[na:1.8.0_20]
	at java.net.AbstractPlainSocketImpl.connect(AbstractPlainSocketImpl.java:188) ~[na:1.8.0_20]
	at java.net.SocksSocketImpl.connect(SocksSocketImpl.java:392) ~[na:1.8.0_20]
	at java.net.Socket.connect(Socket.java:589) ~[na:1.8.0_20]
	at org.eclipse.paho.client.mqttv3.internal.TCPNetworkModule.start(TCPNetworkModule.java:70) ~[org.eclipse.paho.client.mqttv3-1.0.2.jar:na]
	... 2 common frames omitted

2016-04-20 22:27:06.476  INFO 20605 --- [main] c.g.t.restmqttbridge.Application         : Starting Application on Thomass-MacBook-Air-2.local with PID 20605 (/Users/Thomas/dev/github/RestMqttBridge/bin started by Thomas in /Users/Thomas/dev/github/RestMqttBridge)
2016-04-20 22:27:06.482  INFO 20605 --- [main] c.g.t.restmqttbridge.Application         : No active profile set, falling back to default profiles: default
2016-04-20 22:27:06.583  INFO 20605 --- [main] ationConfigEmbeddedWebApplicationContext : Refreshing org.springframework.boot.context.embedded.AnnotationConfigEmbeddedWebApplicationContext@3439f68d: startup date [Wed Apr 20 22:27:06 CEST 2016]; root of context hierarchy
2016-04-20 22:27:08.055  INFO 20605 --- [main] o.s.b.f.s.DefaultListableBeanFactory     : Overriding bean definition for bean 'beanNameViewResolver' with a different definition: replacing [Root bean: class [null]; scope=; abstract=false; lazyInit=false; autowireMode=3; dependencyCheck=0; autowireCandidate=true; primary=false; factoryBeanName=org.springframework.boot.autoconfigure.web.ErrorMvcAutoConfiguration$WhitelabelErrorViewConfiguration; factoryMethodName=beanNameViewResolver; initMethodName=null; destroyMethodName=(inferred); defined in class path resource [org/springframework/boot/autoconfigure/web/ErrorMvcAutoConfiguration$WhitelabelErrorViewConfiguration.class]] with [Root bean: class [null]; scope=; abstract=false; lazyInit=false; autowireMode=3; dependencyCheck=0; autowireCandidate=true; primary=false; factoryBeanName=org.springframework.boot.autoconfigure.web.WebMvcAutoConfiguration$WebMvcAutoConfigurationAdapter; factoryMethodName=beanNameViewResolver; initMethodName=null; destroyMethodName=(inferred); defined in class path resource [org/springframework/boot/autoconfigure/web/WebMvcAutoConfiguration$WebMvcAutoConfigurationAdapter.class]]
2016-04-20 22:27:09.637  INFO 20605 --- [main] s.b.c.e.t.TomcatEmbeddedServletContainer : Tomcat initialized with port(s): 8080 (http)
2016-04-20 22:27:09.660  INFO 20605 --- [main] o.apache.catalina.core.StandardService   : Starting service Tomcat
2016-04-20 22:27:09.664  INFO 20605 --- [main] org.apache.catalina.core.StandardEngine  : Starting Servlet Engine: Apache Tomcat/8.0.32
2016-04-20 22:27:09.821  INFO 20605 --- [localhost-startStop-1] o.a.c.c.C.[Tomcat].[localhost].[/]       : Initializing Spring embedded WebApplicationContext
2016-04-20 22:27:09.821  INFO 20605 --- [localhost-startStop-1] o.s.web.context.ContextLoader            : Root WebApplicationContext: initialization completed in 3243 ms
2016-04-20 22:27:10.357  INFO 20605 --- [localhost-startStop-1] o.s.b.c.e.ServletRegistrationBean        : Mapping servlet: 'dispatcherServlet' to [/]
2016-04-20 22:27:10.363  INFO 20605 --- [localhost-startStop-1] o.s.b.c.embedded.FilterRegistrationBean  : Mapping filter: 'metricFilter' to: [/*]
2016-04-20 22:27:10.364  INFO 20605 --- [localhost-startStop-1] o.s.b.c.embedded.FilterRegistrationBean  : Mapping filter: 'characterEncodingFilter' to: [/*]
2016-04-20 22:27:10.364  INFO 20605 --- [localhost-startStop-1] o.s.b.c.embedded.FilterRegistrationBean  : Mapping filter: 'hiddenHttpMethodFilter' to: [/*]
2016-04-20 22:27:10.364  INFO 20605 --- [localhost-startStop-1] o.s.b.c.embedded.FilterRegistrationBean  : Mapping filter: 'httpPutFormContentFilter' to: [/*]
2016-04-20 22:27:10.364  INFO 20605 --- [localhost-startStop-1] o.s.b.c.embedded.FilterRegistrationBean  : Mapping filter: 'requestContextFilter' to: [/*]
2016-04-20 22:27:10.365  INFO 20605 --- [localhost-startStop-1] o.s.b.c.embedded.FilterRegistrationBean  : Mapping filter: 'webRequestLoggingFilter' to: [/*]
2016-04-20 22:27:10.365  INFO 20605 --- [localhost-startStop-1] o.s.b.c.embedded.FilterRegistrationBean  : Mapping filter: 'applicationContextIdFilter' to: [/*]
2016-04-20 22:27:10.800  INFO 20605 --- [main] s.w.s.m.m.a.RequestMappingHandlerAdapter : Looking for @ControllerAdvice: org.springframework.boot.context.embedded.AnnotationConfigEmbeddedWebApplicationContext@3439f68d: startup date [Wed Apr 20 22:27:06 CEST 2016]; root of context hierarchy
2016-04-20 22:27:10.930  INFO 20605 --- [main] s.w.s.m.m.a.RequestMappingHandlerMapping : Mapped "{[/mqtt/send],methods=[PUT]}" onto public void com.github.thomasfischl.restmqttbridge.QuickbuildController.update(java.lang.String,java.lang.String)
2016-04-20 22:27:10.932  INFO 20605 --- [main] s.w.s.m.m.a.RequestMappingHandlerMapping : Mapped "{[/mqtt/config]}" onto public java.util.Map<java.lang.String, java.lang.String> com.github.thomasfischl.restmqttbridge.QuickbuildController.getConfig()
2016-04-20 22:27:10.933  INFO 20605 --- [main] s.w.s.m.m.a.RequestMappingHandlerMapping : Mapped "{[/mqtt/try]}" onto public java.lang.String com.github.thomasfischl.restmqttbridge.QuickbuildController.trySend()
2016-04-20 22:27:10.937  INFO 20605 --- [main] s.w.s.m.m.a.RequestMappingHandlerMapping : Mapped "{[/error]}" onto public org.springframework.http.ResponseEntity<java.util.Map<java.lang.String, java.lang.Object>> org.springframework.boot.autoconfigure.web.BasicErrorController.error(javax.servlet.http.HttpServletRequest)
2016-04-20 22:27:10.938  INFO 20605 --- [main] s.w.s.m.m.a.RequestMappingHandlerMapping : Mapped "{[/error],produces=[text/html]}" onto public org.springframework.web.servlet.ModelAndView org.springframework.boot.autoconfigure.web.BasicErrorController.errorHtml(javax.servlet.http.HttpServletRequest,javax.servlet.http.HttpServletResponse)
2016-04-20 22:27:10.993  INFO 20605 --- [main] o.s.w.s.handler.SimpleUrlHandlerMapping  : Mapped URL path [/webjars/**] onto handler of type [class org.springframework.web.servlet.resource.ResourceHttpRequestHandler]
2016-04-20 22:27:10.993  INFO 20605 --- [main] o.s.w.s.handler.SimpleUrlHandlerMapping  : Mapped URL path [/**] onto handler of type [class org.springframework.web.servlet.resource.ResourceHttpRequestHandler]
2016-04-20 22:27:11.054  INFO 20605 --- [main] o.s.w.s.handler.SimpleUrlHandlerMapping  : Mapped URL path [/**/favicon.ico] onto handler of type [class org.springframework.web.servlet.resource.ResourceHttpRequestHandler]
2016-04-20 22:27:11.611  INFO 20605 --- [main] o.s.b.a.e.mvc.EndpointHandlerMapping     : Mapped "{[/configprops || /configprops.json],methods=[GET],produces=[application/json]}" onto public java.lang.Object org.springframework.boot.actuate.endpoint.mvc.EndpointMvcAdapter.invoke()
2016-04-20 22:27:11.612  INFO 20605 --- [main] o.s.b.a.e.mvc.EndpointHandlerMapping     : Mapped "{[/metrics/{name:.*}],methods=[GET],produces=[application/json]}" onto public java.lang.Object org.springframework.boot.actuate.endpoint.mvc.MetricsMvcEndpoint.value(java.lang.String)
2016-04-20 22:27:11.613  INFO 20605 --- [main] o.s.b.a.e.mvc.EndpointHandlerMapping     : Mapped "{[/metrics || /metrics.json],methods=[GET],produces=[application/json]}" onto public java.lang.Object org.springframework.boot.actuate.endpoint.mvc.EndpointMvcAdapter.invoke()
2016-04-20 22:27:11.616  INFO 20605 --- [main] o.s.b.a.e.mvc.EndpointHandlerMapping     : Mapped "{[/autoconfig || /autoconfig.json],methods=[GET],produces=[application/json]}" onto public java.lang.Object org.springframework.boot.actuate.endpoint.mvc.EndpointMvcAdapter.invoke()
2016-04-20 22:27:11.618  INFO 20605 --- [main] o.s.b.a.e.mvc.EndpointHandlerMapping     : Mapped "{[/beans || /beans.json],methods=[GET],produces=[application/json]}" onto public java.lang.Object org.springframework.boot.actuate.endpoint.mvc.EndpointMvcAdapter.invoke()
2016-04-20 22:27:11.619  INFO 20605 --- [main] o.s.b.a.e.mvc.EndpointHandlerMapping     : Mapped "{[/health || /health.json],produces=[application/json]}" onto public java.lang.Object org.springframework.boot.actuate.endpoint.mvc.HealthMvcEndpoint.invoke(java.security.Principal)
2016-04-20 22:27:11.620  INFO 20605 --- [main] o.s.b.a.e.mvc.EndpointHandlerMapping     : Mapped "{[/logfile || /logfile.json],methods=[GET || HEAD]}" onto public void org.springframework.boot.actuate.endpoint.mvc.LogFileMvcEndpoint.invoke(javax.servlet.http.HttpServletRequest,javax.servlet.http.HttpServletResponse) throws javax.servlet.ServletException,java.io.IOException
2016-04-20 22:27:11.621  INFO 20605 --- [main] o.s.b.a.e.mvc.EndpointHandlerMapping     : Mapped "{[/mappings || /mappings.json],methods=[GET],produces=[application/json]}" onto public java.lang.Object org.springframework.boot.actuate.endpoint.mvc.EndpointMvcAdapter.invoke()
2016-04-20 22:27:11.622  INFO 20605 --- [main] o.s.b.a.e.mvc.EndpointHandlerMapping     : Mapped "{[/env/{name:.*}],methods=[GET],produces=[application/json]}" onto public java.lang.Object org.springframework.boot.actuate.endpoint.mvc.EnvironmentMvcEndpoint.value(java.lang.String)
2016-04-20 22:27:11.623  INFO 20605 --- [main] o.s.b.a.e.mvc.EndpointHandlerMapping     : Mapped "{[/env || /env.json],methods=[GET],produces=[application/json]}" onto public java.lang.Object org.springframework.boot.actuate.endpoint.mvc.EndpointMvcAdapter.invoke()
2016-04-20 22:27:11.623  INFO 20605 --- [main] o.s.b.a.e.mvc.EndpointHandlerMapping     : Mapped "{[/info || /info.json],methods=[GET],produces=[application/json]}" onto public java.lang.Object org.springframework.boot.actuate.endpoint.mvc.EndpointMvcAdapter.invoke()
2016-04-20 22:27:11.625  INFO 20605 --- [main] o.s.b.a.e.mvc.EndpointHandlerMapping     : Mapped "{[/trace || /trace.json],methods=[GET],produces=[application/json]}" onto public java.lang.Object org.springframework.boot.actuate.endpoint.mvc.EndpointMvcAdapter.invoke()
2016-04-20 22:27:11.626  INFO 20605 --- [main] o.s.b.a.e.mvc.EndpointHandlerMapping     : Mapped "{[/dump || /dump.json],methods=[GET],produces=[application/json]}" onto public java.lang.Object org.springframework.boot.actuate.endpoint.mvc.EndpointMvcAdapter.invoke()
2016-04-20 22:27:11.793  INFO 20605 --- [main] o.s.j.e.a.AnnotationMBeanExporter        : Registering beans for JMX exposure on startup
2016-04-20 22:27:11.815  INFO 20605 --- [main] o.s.c.support.DefaultLifecycleProcessor  : Starting beans in phase 0
2016-04-20 22:27:12.042  INFO 20605 --- [main] s.b.c.e.t.TomcatEmbeddedServletContainer : Tomcat started on port(s): 8080 (http)
2016-04-20 22:27:12.048  INFO 20605 --- [main] c.g.t.restmqttbridge.Application         : Started Application in 6.265 seconds (JVM running for 6.792)
2016-04-20 22:31:23.700  INFO 20605 --- [Thread-2] ationConfigEmbeddedWebApplicationContext : Closing org.springframework.boot.context.embedded.AnnotationConfigEmbeddedWebApplicationContext@3439f68d: startup date [Wed Apr 20 22:27:06 CEST 2016]; root of context hierarchy
2016-04-20 22:31:23.704  INFO 20605 --- [Thread-2] o.s.c.support.DefaultLifecycleProcessor  : Stopping beans in phase 0
2016-04-20 22:31:23.729  INFO 20605 --- [Thread-2] o.s.j.e.a.AnnotationMBeanExporter        : Unregistering JMX-exposed beans on shutdown
2016-04-20 22:31:29.489  INFO 20805 --- [main] c.g.t.restmqttbridge.Application         : Starting Application on Thomass-MacBook-Air-2.local with PID 20805 (/Users/Thomas/dev/github/RestMqttBridge/bin started by Thomas in /Users/Thomas/dev/github/RestMqttBridge)
2016-04-20 22:31:29.501  INFO 20805 --- [main] c.g.t.restmqttbridge.Application         : No active profile set, falling back to default profiles: default
2016-04-20 22:31:29.593  INFO 20805 --- [main] ationConfigEmbeddedWebApplicationContext : Refreshing org.springframework.boot.context.embedded.AnnotationConfigEmbeddedWebApplicationContext@3439f68d: startup date [Wed Apr 20 22:31:29 CEST 2016]; root of context hierarchy
2016-04-20 22:31:30.887  INFO 20805 --- [main] o.s.b.f.s.DefaultListableBeanFactory     : Overriding bean definition for bean 'beanNameViewResolver' with a different definition: replacing [Root bean: class [null]; scope=; abstract=false; lazyInit=false; autowireMode=3; dependencyCheck=0; autowireCandidate=true; primary=false; factoryBeanName=org.springframework.boot.autoconfigure.web.ErrorMvcAutoConfiguration$WhitelabelErrorViewConfiguration; factoryMethodName=beanNameViewResolver; initMethodName=null; destroyMethodName=(inferred); defined in class path resource [org/springframework/boot/autoconfigure/web/ErrorMvcAutoConfiguration$WhitelabelErrorViewConfiguration.class]] with [Root bean: class [null]; scope=; abstract=false; lazyInit=false; autowireMode=3; dependencyCheck=0; autowireCandidate=true; primary=false; factoryBeanName=org.springframework.boot.autoconfigure.web.WebMvcAutoConfiguration$WebMvcAutoConfigurationAdapter; factoryMethodName=beanNameViewResolver; initMethodName=null; destroyMethodName=(inferred); defined in class path resource [org/springframework/boot/autoconfigure/web/WebMvcAutoConfiguration$WebMvcAutoConfigurationAdapter.class]]
2016-04-20 22:31:32.760  INFO 20805 --- [main] s.b.c.e.t.TomcatEmbeddedServletContainer : Tomcat initialized with port(s): 8080 (http)
2016-04-20 22:31:32.796  INFO 20805 --- [main] o.apache.catalina.core.StandardService   : Starting service Tomcat
2016-04-20 22:31:32.798  INFO 20805 --- [main] org.apache.catalina.core.StandardEngine  : Starting Servlet Engine: Apache Tomcat/8.0.32
2016-04-20 22:31:33.007  INFO 20805 --- [localhost-startStop-1] o.a.c.c.C.[Tomcat].[localhost].[/]       : Initializing Spring embedded WebApplicationContext
2016-04-20 22:31:33.008  INFO 20805 --- [localhost-startStop-1] o.s.web.context.ContextLoader            : Root WebApplicationContext: initialization completed in 3426 ms
2016-04-20 22:31:33.625  INFO 20805 --- [localhost-startStop-1] o.s.b.c.e.ServletRegistrationBean        : Mapping servlet: 'dispatcherServlet' to [/]
2016-04-20 22:31:33.639  INFO 20805 --- [localhost-startStop-1] o.s.b.c.embedded.FilterRegistrationBean  : Mapping filter: 'metricFilter' to: [/*]
2016-04-20 22:31:33.640  INFO 20805 --- [localhost-startStop-1] o.s.b.c.embedded.FilterRegistrationBean  : Mapping filter: 'characterEncodingFilter' to: [/*]
2016-04-20 22:31:33.641  INFO 20805 --- [localhost-startStop-1] o.s.b.c.embedded.FilterRegistrationBean  : Mapping filter: 'hiddenHttpMethodFilter' to: [/*]
2016-04-20 22:31:33.641  INFO 20805 --- [localhost-startStop-1] o.s.b.c.embedded.FilterRegistrationBean  : Mapping filter: 'httpPutFormContentFilter' to: [/*]
2016-04-20 22:31:33.643  INFO 20805 --- [localhost-startStop-1] o.s.b.c.embedded.FilterRegistrationBean  : Mapping filter: 'requestContextFilter' to: [/*]
2016-04-20 22:31:33.644  INFO 20805 --- [localhost-startStop-1] o.s.b.c.embedded.FilterRegistrationBean  : Mapping filter: 'webRequestLoggingFilter' to: [/*]
2016-04-20 22:31:33.644  INFO 20805 --- [localhost-startStop-1] o.s.b.c.embedded.FilterRegistrationBean  : Mapping filter: 'applicationContextIdFilter' to: [/*]
2016-04-20 22:31:34.204  INFO 20805 --- [main] s.w.s.m.m.a.RequestMappingHandlerAdapter : Looking for @ControllerAdvice: org.springframework.boot.context.embedded.AnnotationConfigEmbeddedWebApplicationContext@3439f68d: startup date [Wed Apr 20 22:31:29 CEST 2016]; root of context hierarchy
2016-04-20 22:31:34.352  INFO 20805 --- [main] s.w.s.m.m.a.RequestMappingHandlerMapping : Mapped "{[/mqtt/send],methods=[PUT]}" onto public void com.github.thomasfischl.restmqttbridge.QuickbuildController.update(java.lang.String,java.lang.String)
2016-04-20 22:31:34.354  INFO 20805 --- [main] s.w.s.m.m.a.RequestMappingHandlerMapping : Mapped "{[/mqtt/config]}" onto public java.util.Map<java.lang.String, java.lang.String> com.github.thomasfischl.restmqttbridge.QuickbuildController.getConfig()
2016-04-20 22:31:34.355  INFO 20805 --- [main] s.w.s.m.m.a.RequestMappingHandlerMapping : Mapped "{[/mqtt/try]}" onto public java.lang.String com.github.thomasfischl.restmqttbridge.QuickbuildController.trySend()
2016-04-20 22:31:34.358  INFO 20805 --- [main] s.w.s.m.m.a.RequestMappingHandlerMapping : Mapped "{[/error]}" onto public org.springframework.http.ResponseEntity<java.util.Map<java.lang.String, java.lang.Object>> org.springframework.boot.autoconfigure.web.BasicErrorController.error(javax.servlet.http.HttpServletRequest)
2016-04-20 22:31:34.359  INFO 20805 --- [main] s.w.s.m.m.a.RequestMappingHandlerMapping : Mapped "{[/error],produces=[text/html]}" onto public org.springframework.web.servlet.ModelAndView org.springframework.boot.autoconfigure.web.BasicErrorController.errorHtml(javax.servlet.http.HttpServletRequest,javax.servlet.http.HttpServletResponse)
2016-04-20 22:31:34.420  INFO 20805 --- [main] o.s.w.s.handler.SimpleUrlHandlerMapping  : Mapped URL path [/webjars/**] onto handler of type [class org.springframework.web.servlet.resource.ResourceHttpRequestHandler]
2016-04-20 22:31:34.421  INFO 20805 --- [main] o.s.w.s.handler.SimpleUrlHandlerMapping  : Mapped URL path [/**] onto handler of type [class org.springframework.web.servlet.resource.ResourceHttpRequestHandler]
2016-04-20 22:31:34.498  INFO 20805 --- [main] o.s.w.s.handler.SimpleUrlHandlerMapping  : Mapped URL path [/**/favicon.ico] onto handler of type [class org.springframework.web.servlet.resource.ResourceHttpRequestHandler]
2016-04-20 22:31:35.099  INFO 20805 --- [main] o.s.b.a.e.mvc.EndpointHandlerMapping     : Mapped "{[/autoconfig || /autoconfig.json],methods=[GET],produces=[application/json]}" onto public java.lang.Object org.springframework.boot.actuate.endpoint.mvc.EndpointMvcAdapter.invoke()
2016-04-20 22:31:35.100  INFO 20805 --- [main] o.s.b.a.e.mvc.EndpointHandlerMapping     : Mapped "{[/logfile || /logfile.json],methods=[GET || HEAD]}" onto public void org.springframework.boot.actuate.endpoint.mvc.LogFileMvcEndpoint.invoke(javax.servlet.http.HttpServletRequest,javax.servlet.http.HttpServletResponse) throws javax.servlet.ServletException,java.io.IOException
2016-04-20 22:31:35.101  INFO 20805 --- [main] o.s.b.a.e.mvc.EndpointHandlerMapping     : Mapped "{[/health || /health.json],produces=[application/json]}" onto public java.lang.Object org.springframework.boot.actuate.endpoint.mvc.HealthMvcEndpoint.invoke(java.security.Principal)
2016-04-20 22:31:35.105  INFO 20805 --- [main] o.s.b.a.e.mvc.EndpointHandlerMapping     : Mapped "{[/dump || /dump.json],methods=[GET],produces=[application/json]}" onto public java.lang.Object org.springframework.boot.actuate.endpoint.mvc.EndpointMvcAdapter.invoke()
2016-04-20 22:31:35.108  INFO 20805 --- [main] o.s.b.a.e.mvc.EndpointHandlerMapping     : Mapped "{[/mappings || /mappings.json],methods=[GET],produces=[application/json]}" onto public java.lang.Object org.springframework.boot.actuate.endpoint.mvc.EndpointMvcAdapter.invoke()
2016-04-20 22:31:35.110  INFO 20805 --- [main] o.s.b.a.e.mvc.EndpointHandlerMapping     : Mapped "{[/env/{name:.*}],methods=[GET],produces=[application/json]}" onto public java.lang.Object org.springframework.boot.actuate.endpoint.mvc.EnvironmentMvcEndpoint.value(java.lang.String)
2016-04-20 22:31:35.110  INFO 20805 --- [main] o.s.b.a.e.mvc.EndpointHandlerMapping     : Mapped "{[/env || /env.json],methods=[GET],produces=[application/json]}" onto public java.lang.Object org.springframework.boot.actuate.endpoint.mvc.EndpointMvcAdapter.invoke()
2016-04-20 22:31:35.112  INFO 20805 --- [main] o.s.b.a.e.mvc.EndpointHandlerMapping     : Mapped "{[/metrics/{name:.*}],methods=[GET],produces=[application/json]}" onto public java.lang.Object org.springframework.boot.actuate.endpoint.mvc.MetricsMvcEndpoint.value(java.lang.String)
2016-04-20 22:31:35.113  INFO 20805 --- [main] o.s.b.a.e.mvc.EndpointHandlerMapping     : Mapped "{[/metrics || /metrics.json],methods=[GET],produces=[application/json]}" onto public java.lang.Object org.springframework.boot.actuate.endpoint.mvc.EndpointMvcAdapter.invoke()
2016-04-20 22:31:35.114  INFO 20805 --- [main] o.s.b.a.e.mvc.EndpointHandlerMapping     : Mapped "{[/beans || /beans.json],methods=[GET],produces=[application/json]}" onto public java.lang.Object org.springframework.boot.actuate.endpoint.mvc.EndpointMvcAdapter.invoke()
2016-04-20 22:31:35.115  INFO 20805 --- [main] o.s.b.a.e.mvc.EndpointHandlerMapping     : Mapped "{[/info || /info.json],methods=[GET],produces=[application/json]}" onto public java.lang.Object org.springframework.boot.actuate.endpoint.mvc.EndpointMvcAdapter.invoke()
2016-04-20 22:31:35.116  INFO 20805 --- [main] o.s.b.a.e.mvc.EndpointHandlerMapping     : Mapped "{[/trace || /trace.json],methods=[GET],produces=[application/json]}" onto public java.lang.Object org.springframework.boot.actuate.endpoint.mvc.EndpointMvcAdapter.invoke()
2016-04-20 22:31:35.117  INFO 20805 --- [main] o.s.b.a.e.mvc.EndpointHandlerMapping     : Mapped "{[/configprops || /configprops.json],methods=[GET],produces=[application/json]}" onto public java.lang.Object org.springframework.boot.actuate.endpoint.mvc.EndpointMvcAdapter.invoke()
2016-04-20 22:31:35.288  INFO 20805 --- [main] o.s.j.e.a.AnnotationMBeanExporter        : Registering beans for JMX exposure on startup
2016-04-20 22:31:35.308  INFO 20805 --- [main] o.s.c.support.DefaultLifecycleProcessor  : Starting beans in phase 0
2016-04-20 22:31:35.555  INFO 20805 --- [main] s.b.c.e.t.TomcatEmbeddedServletContainer : Tomcat started on port(s): 8080 (http)
2016-04-20 22:31:35.563  INFO 20805 --- [main] c.g.t.restmqttbridge.Application         : Started Application in 6.772 seconds (JVM running for 7.535)
2016-04-20 22:31:37.134  INFO 20805 --- [http-nio-8080-exec-1] o.a.c.c.C.[Tomcat].[localhost].[/]       : Initializing Spring FrameworkServlet 'dispatcherServlet'
2016-04-20 22:31:37.134  INFO 20805 --- [http-nio-8080-exec-1] o.s.web.servlet.DispatcherServlet        : FrameworkServlet 'dispatcherServlet': initialization started
2016-04-20 22:31:37.157  INFO 20805 --- [http-nio-8080-exec-1] o.s.web.servlet.DispatcherServlet        : FrameworkServlet 'dispatcherServlet': initialization completed in 23 ms
2016-04-20 22:41:55.117  INFO 20805 --- [Thread-2] ationConfigEmbeddedWebApplicationContext : Closing org.springframework.boot.context.embedded.AnnotationConfigEmbeddedWebApplicationContext@3439f68d: startup date [Wed Apr 20 22:31:29 CEST 2016]; root of context hierarchy
2016-04-20 22:41:55.125  INFO 20805 --- [Thread-2] o.s.c.support.DefaultLifecycleProcessor  : Stopping beans in phase 0
2016-04-20 22:41:55.141  INFO 20805 --- [Thread-2] o.s.j.e.a.AnnotationMBeanExporter        : Unregistering JMX-exposed beans on shutdown
2016-04-20 22:43:07.851  INFO 21155 --- [main] c.g.t.restmqttbridge.Application         : Starting Application on Thomass-MacBook-Air-2.local with PID 21155 (/Users/Thomas/dev/github/RestMqttBridge/build/classes/main started by Thomas in /Users/Thomas/dev/github/RestMqttBridge)
2016-04-20 22:43:07.859  INFO 21155 --- [main] c.g.t.restmqttbridge.Application         : No active profile set, falling back to default profiles: default
2016-04-20 22:43:08.061  INFO 21155 --- [main] ationConfigEmbeddedWebApplicationContext : Refreshing org.springframework.boot.context.embedded.AnnotationConfigEmbeddedWebApplicationContext@50de0926: startup date [Wed Apr 20 22:43:08 CEST 2016]; root of context hierarchy
2016-04-20 22:43:09.743  INFO 21155 --- [main] o.s.b.f.s.DefaultListableBeanFactory     : Overriding bean definition for bean 'beanNameViewResolver' with a different definition: replacing [Root bean: class [null]; scope=; abstract=false; lazyInit=false; autowireMode=3; dependencyCheck=0; autowireCandidate=true; primary=false; factoryBeanName=org.springframework.boot.autoconfigure.web.ErrorMvcAutoConfiguration$WhitelabelErrorViewConfiguration; factoryMethodName=beanNameViewResolver; initMethodName=null; destroyMethodName=(inferred); defined in class path resource [org/springframework/boot/autoconfigure/web/ErrorMvcAutoConfiguration$WhitelabelErrorViewConfiguration.class]] with [Root bean: class [null]; scope=; abstract=false; lazyInit=false; autowireMode=3; dependencyCheck=0; autowireCandidate=true; primary=false; factoryBeanName=org.springframework.boot.autoconfigure.web.WebMvcAutoConfiguration$WebMvcAutoConfigurationAdapter; factoryMethodName=beanNameViewResolver; initMethodName=null; destroyMethodName=(inferred); defined in class path resource [org/springframework/boot/autoconfigure/web/WebMvcAutoConfiguration$WebMvcAutoConfigurationAdapter.class]]
2016-04-20 22:43:11.161  INFO 21155 --- [main] s.b.c.e.t.TomcatEmbeddedServletContainer : Tomcat initialized with port(s): 8080 (http)
2016-04-20 22:43:11.184  INFO 21155 --- [main] o.apache.catalina.core.StandardService   : Starting service Tomcat
2016-04-20 22:43:11.200  INFO 21155 --- [main] org.apache.catalina.core.StandardEngine  : Starting Servlet Engine: Apache Tomcat/8.0.32
2016-04-20 22:43:11.379  INFO 21155 --- [localhost-startStop-1] o.a.c.c.C.[Tomcat].[localhost].[/]       : Initializing Spring embedded WebApplicationContext
2016-04-20 22:43:11.380  INFO 21155 --- [localhost-startStop-1] o.s.web.context.ContextLoader            : Root WebApplicationContext: initialization completed in 3325 ms
2016-04-20 22:43:11.928  INFO 21155 --- [localhost-startStop-1] o.s.b.c.e.ServletRegistrationBean        : Mapping servlet: 'dispatcherServlet' to [/]
2016-04-20 22:43:11.935  INFO 21155 --- [localhost-startStop-1] o.s.b.c.embedded.FilterRegistrationBean  : Mapping filter: 'metricFilter' to: [/*]
2016-04-20 22:43:11.936  INFO 21155 --- [localhost-startStop-1] o.s.b.c.embedded.FilterRegistrationBean  : Mapping filter: 'characterEncodingFilter' to: [/*]
2016-04-20 22:43:11.936  INFO 21155 --- [localhost-startStop-1] o.s.b.c.embedded.FilterRegistrationBean  : Mapping filter: 'hiddenHttpMethodFilter' to: [/*]
2016-04-20 22:43:11.938  INFO 21155 --- [localhost-startStop-1] o.s.b.c.embedded.FilterRegistrationBean  : Mapping filter: 'httpPutFormContentFilter' to: [/*]
2016-04-20 22:43:11.941  INFO 21155 --- [localhost-startStop-1] o.s.b.c.embedded.FilterRegistrationBean  : Mapping filter: 'requestContextFilter' to: [/*]
2016-04-20 22:43:11.942  INFO 21155 --- [localhost-startStop-1] o.s.b.c.embedded.FilterRegistrationBean  : Mapping filter: 'webRequestLoggingFilter' to: [/*]
2016-04-20 22:43:11.942  INFO 21155 --- [localhost-startStop-1] o.s.b.c.embedded.FilterRegistrationBean  : Mapping filter: 'applicationContextIdFilter' to: [/*]
2016-04-20 22:43:12.488  INFO 21155 --- [main] s.w.s.m.m.a.RequestMappingHandlerAdapter : Looking for @ControllerAdvice: org.springframework.boot.context.embedded.AnnotationConfigEmbeddedWebApplicationContext@50de0926: startup date [Wed Apr 20 22:43:08 CEST 2016]; root of context hierarchy
2016-04-20 22:43:12.605  INFO 21155 --- [main] s.w.s.m.m.a.RequestMappingHandlerMapping : Mapped "{[/mqtt/send],methods=[PUT]}" onto public void com.github.thomasfischl.restmqttbridge.QuickbuildController.update(java.lang.String,java.lang.String)
2016-04-20 22:43:12.607  INFO 21155 --- [main] s.w.s.m.m.a.RequestMappingHandlerMapping : Mapped "{[/mqtt/config]}" onto public java.util.Map<java.lang.String, java.lang.String> com.github.thomasfischl.restmqttbridge.QuickbuildController.getConfig()
2016-04-20 22:43:12.608  INFO 21155 --- [main] s.w.s.m.m.a.RequestMappingHandlerMapping : Mapped "{[/mqtt/try]}" onto public java.lang.String com.github.thomasfischl.restmqttbridge.QuickbuildController.trySend()
2016-04-20 22:43:12.613  INFO 21155 --- [main] s.w.s.m.m.a.RequestMappingHandlerMapping : Mapped "{[/error]}" onto public org.springframework.http.ResponseEntity<java.util.Map<java.lang.String, java.lang.Object>> org.springframework.boot.autoconfigure.web.BasicErrorController.error(javax.servlet.http.HttpServletRequest)
2016-04-20 22:43:12.613  INFO 21155 --- [main] s.w.s.m.m.a.RequestMappingHandlerMapping : Mapped "{[/error],produces=[text/html]}" onto public org.springframework.web.servlet.ModelAndView org.springframework.boot.autoconfigure.web.BasicErrorController.errorHtml(javax.servlet.http.HttpServletRequest,javax.servlet.http.HttpServletResponse)
2016-04-20 22:43:12.668  INFO 21155 --- [main] o.s.w.s.handler.SimpleUrlHandlerMapping  : Mapped URL path [/webjars/**] onto handler of type [class org.springframework.web.servlet.resource.ResourceHttpRequestHandler]
2016-04-20 22:43:12.668  INFO 21155 --- [main] o.s.w.s.handler.SimpleUrlHandlerMapping  : Mapped URL path [/**] onto handler of type [class org.springframework.web.servlet.resource.ResourceHttpRequestHandler]
2016-04-20 22:43:12.736  INFO 21155 --- [main] o.s.w.s.handler.SimpleUrlHandlerMapping  : Mapped URL path [/**/favicon.ico] onto handler of type [class org.springframework.web.servlet.resource.ResourceHttpRequestHandler]
2016-04-20 22:43:13.648  INFO 21155 --- [main] o.s.b.a.e.mvc.EndpointHandlerMapping     : Mapped "{[/env/{name:.*}],methods=[GET],produces=[application/json]}" onto public java.lang.Object org.springframework.boot.actuate.endpoint.mvc.EnvironmentMvcEndpoint.value(java.lang.String)
2016-04-20 22:43:13.651  INFO 21155 --- [main] o.s.b.a.e.mvc.EndpointHandlerMapping     : Mapped "{[/env || /env.json],methods=[GET],produces=[application/json]}" onto public java.lang.Object org.springframework.boot.actuate.endpoint.mvc.EndpointMvcAdapter.invoke()
2016-04-20 22:43:13.652  INFO 21155 --- [main] o.s.b.a.e.mvc.EndpointHandlerMapping     : Mapped "{[/mappings || /mappings.json],methods=[GET],produces=[application/json]}" onto public java.lang.Object org.springframework.boot.actuate.endpoint.mvc.EndpointMvcAdapter.invoke()
2016-04-20 22:43:13.656  INFO 21155 --- [main] o.s.b.a.e.mvc.EndpointHandlerMapping     : Mapped "{[/dump || /dump.json],methods=[GET],produces=[application/json]}" onto public java.lang.Object org.springframework.boot.actuate.endpoint.mvc.EndpointMvcAdapter.invoke()
2016-04-20 22:43:13.657  INFO 21155 --- [main] o.s.b.a.e.mvc.EndpointHandlerMapping     : Mapped "{[/configprops || /configprops.json],methods=[GET],produces=[application/json]}" onto public java.lang.Object org.springframework.boot.actuate.endpoint.mvc.EndpointMvcAdapter.invoke()
2016-04-20 22:43:13.659  INFO 21155 --- [main] o.s.b.a.e.mvc.EndpointHandlerMapping     : Mapped "{[/metrics/{name:.*}],methods=[GET],produces=[application/json]}" onto public java.lang.Object org.springframework.boot.actuate.endpoint.mvc.MetricsMvcEndpoint.value(java.lang.String)
2016-04-20 22:43:13.660  INFO 21155 --- [main] o.s.b.a.e.mvc.EndpointHandlerMapping     : Mapped "{[/metrics || /metrics.json],methods=[GET],produces=[application/json]}" onto public java.lang.Object org.springframework.boot.actuate.endpoint.mvc.EndpointMvcAdapter.invoke()
2016-04-20 22:43:13.661  INFO 21155 --- [main] o.s.b.a.e.mvc.EndpointHandlerMapping     : Mapped "{[/trace || /trace.json],methods=[GET],produces=[application/json]}" onto public java.lang.Object org.springframework.boot.actuate.endpoint.mvc.EndpointMvcAdapter.invoke()
2016-04-20 22:43:13.662  INFO 21155 --- [main] o.s.b.a.e.mvc.EndpointHandlerMapping     : Mapped "{[/autoconfig || /autoconfig.json],methods=[GET],produces=[application/json]}" onto public java.lang.Object org.springframework.boot.actuate.endpoint.mvc.EndpointMvcAdapter.invoke()
2016-04-20 22:43:13.665  INFO 21155 --- [main] o.s.b.a.e.mvc.EndpointHandlerMapping     : Mapped "{[/info || /info.json],methods=[GET],produces=[application/json]}" onto public java.lang.Object org.springframework.boot.actuate.endpoint.mvc.EndpointMvcAdapter.invoke()
2016-04-20 22:43:13.667  INFO 21155 --- [main] o.s.b.a.e.mvc.EndpointHandlerMapping     : Mapped "{[/health || /health.json],produces=[application/json]}" onto public java.lang.Object org.springframework.boot.actuate.endpoint.mvc.HealthMvcEndpoint.invoke(java.security.Principal)
2016-04-20 22:43:13.668  INFO 21155 --- [main] o.s.b.a.e.mvc.EndpointHandlerMapping     : Mapped "{[/logfile || /logfile.json],methods=[GET || HEAD]}" onto public void org.springframework.boot.actuate.endpoint.mvc.LogFileMvcEndpoint.invoke(javax.servlet.http.HttpServletRequest,javax.servlet.http.HttpServletResponse) throws javax.servlet.ServletException,java.io.IOException
2016-04-20 22:43:13.670  INFO 21155 --- [main] o.s.b.a.e.mvc.EndpointHandlerMapping     : Mapped "{[/beans || /beans.json],methods=[GET],produces=[application/json]}" onto public java.lang.Object org.springframework.boot.actuate.endpoint.mvc.EndpointMvcAdapter.invoke()
2016-04-20 22:43:13.867  INFO 21155 --- [main] o.s.j.e.a.AnnotationMBeanExporter        : Registering beans for JMX exposure on startup
2016-04-20 22:43:13.882  INFO 21155 --- [main] o.s.c.support.DefaultLifecycleProcessor  : Starting beans in phase 0
2016-04-20 22:43:14.115  INFO 21155 --- [main] s.b.c.e.t.TomcatEmbeddedServletContainer : Tomcat started on port(s): 8080 (http)
2016-04-20 22:43:14.123  INFO 21155 --- [main] c.g.t.restmqttbridge.Application         : Started Application in 7.203 seconds (JVM running for 7.96)
2016-04-20 22:46:27.871  INFO 21155 --- [http-nio-8080-exec-1] o.a.c.c.C.[Tomcat].[localhost].[/]       : Initializing Spring FrameworkServlet 'dispatcherServlet'
2016-04-20 22:46:27.872  INFO 21155 --- [http-nio-8080-exec-1] o.s.web.servlet.DispatcherServlet        : FrameworkServlet 'dispatcherServlet': initialization started
2016-04-20 22:46:27.895  INFO 21155 --- [http-nio-8080-exec-1] o.s.web.servlet.DispatcherServlet        : FrameworkServlet 'dispatcherServlet': initialization completed in 23 ms
